{"/home/ubuntu/Programacion_III/src/app.js": {"path":"/home/ubuntu/Programacion_III/src/app.js","statementMap":{"0":{"start":{"line":1,"column":16},"end":{"line":1,"column":34}},"1":{"start":{"line":2,"column":13},"end":{"line":2,"column":28}},"2":{"start":{"line":4,"column":12},"end":{"line":4,"column":21}},"3":{"start":{"line":7,"column":0},"end":{"line":7,"column":16}},"4":{"start":{"line":8,"column":0},"end":{"line":8,"column":24}},"5":{"start":{"line":9,"column":0},"end":{"line":9,"column":48}},"6":{"start":{"line":12,"column":19},"end":{"line":12,"column":49}},"7":{"start":{"line":14,"column":0},"end":{"line":14,"column":33}},"8":{"start":{"line":17,"column":0},"end":{"line":30,"column":3}},"9":{"start":{"line":18,"column":2},"end":{"line":29,"column":5}},"10":{"start":{"line":33,"column":0},"end":{"line":38,"column":3}},"11":{"start":{"line":34,"column":2},"end":{"line":37,"column":5}},"12":{"start":{"line":41,"column":0},"end":{"line":47,"column":3}},"13":{"start":{"line":42,"column":2},"end":{"line":42,"column":27}},"14":{"start":{"line":43,"column":2},"end":{"line":46,"column":5}},"15":{"start":{"line":49,"column":0},"end":{"line":49,"column":21}}},"fnMap":{"0":{"name":"(anonymous_0)","decl":{"start":{"line":17,"column":13},"end":{"line":17,"column":14}},"loc":{"start":{"line":17,"column":27},"end":{"line":30,"column":1}},"line":17},"1":{"name":"(anonymous_1)","decl":{"start":{"line":33,"column":8},"end":{"line":33,"column":9}},"loc":{"start":{"line":33,"column":22},"end":{"line":38,"column":1}},"line":33},"2":{"name":"(anonymous_2)","decl":{"start":{"line":41,"column":8},"end":{"line":41,"column":9}},"loc":{"start":{"line":41,"column":34},"end":{"line":47,"column":1}},"line":41}},"branchMap":{"0":{"loc":{"start":{"line":43,"column":13},"end":{"line":43,"column":30}},"type":"binary-expr","locations":[{"start":{"line":43,"column":13},"end":{"line":43,"column":23}},{"start":{"line":43,"column":27},"end":{"line":43,"column":30}}],"line":43},"1":{"loc":{"start":{"line":45,"column":13},"end":{"line":45,"column":56}},"type":"binary-expr","locations":[{"start":{"line":45,"column":13},"end":{"line":45,"column":24}},{"start":{"line":45,"column":28},"end":{"line":45,"column":56}}],"line":45}},"s":{"0":1,"1":1,"2":1,"3":1,"4":1,"5":1,"6":1,"7":1,"8":1,"9":0,"10":1,"11":0,"12":1,"13":0,"14":0,"15":1},"f":{"0":0,"1":0,"2":0},"b":{"0":[0,0],"1":[0,0]},"_coverageSchema":"1a1c01bbd47fc00a2c39e90264f33305004495a9","hash":"06bf99bb25a984602fedf11dc20b84a29f4010da"}
,"/home/ubuntu/Programacion_III/src/config/database.js": {"path":"/home/ubuntu/Programacion_III/src/config/database.js","statementMap":{"0":{"start":{"line":1,"column":16},"end":{"line":1,"column":44}},"1":{"start":{"line":2,"column":13},"end":{"line":2,"column":28}},"2":{"start":{"line":4,"column":15},"end":{"line":4,"column":90}},"3":{"start":{"line":6,"column":9},"end":{"line":6,"column":13}},"4":{"start":{"line":12,"column":20},"end":{"line":23,"column":1}},"5":{"start":{"line":13,"column":2},"end":{"line":21,"column":3}},"6":{"start":{"line":14,"column":4},"end":{"line":20,"column":7}},"7":{"start":{"line":15,"column":6},"end":{"line":18,"column":7}},"8":{"start":{"line":16,"column":8},"end":{"line":16,"column":80}},"9":{"start":{"line":17,"column":8},"end":{"line":17,"column":18}},"10":{"start":{"line":19,"column":6},"end":{"line":19,"column":68}},"11":{"start":{"line":22,"column":2},"end":{"line":22,"column":12}},"12":{"start":{"line":29,"column":21},"end":{"line":52,"column":2}},"13":{"start":{"line":29,"column":27},"end":{"line":52,"column":2}},"14":{"start":{"line":30,"column":19},"end":{"line":30,"column":32}},"15":{"start":{"line":32,"column":27},"end":{"line":41,"column":3}},"16":{"start":{"line":43,"column":2},"end":{"line":51,"column":5}},"17":{"start":{"line":44,"column":4},"end":{"line":50,"column":5}},"18":{"start":{"line":45,"column":6},"end":{"line":45,"column":66}},"19":{"start":{"line":46,"column":6},"end":{"line":46,"column":18}},"20":{"start":{"line":48,"column":6},"end":{"line":48,"column":67}},"21":{"start":{"line":49,"column":6},"end":{"line":49,"column":16}},"22":{"start":{"line":58,"column":22},"end":{"line":72,"column":2}},"23":{"start":{"line":58,"column":28},"end":{"line":72,"column":2}},"24":{"start":{"line":59,"column":2},"end":{"line":71,"column":3}},"25":{"start":{"line":60,"column":4},"end":{"line":68,"column":7}},"26":{"start":{"line":61,"column":6},"end":{"line":67,"column":7}},"27":{"start":{"line":62,"column":8},"end":{"line":62,"column":20}},"28":{"start":{"line":64,"column":8},"end":{"line":64,"column":63}},"29":{"start":{"line":65,"column":8},"end":{"line":65,"column":18}},"30":{"start":{"line":66,"column":8},"end":{"line":66,"column":18}},"31":{"start":{"line":70,"column":4},"end":{"line":70,"column":14}},"32":{"start":{"line":74,"column":0},"end":{"line":78,"column":2}}},"fnMap":{"0":{"name":"(anonymous_0)","decl":{"start":{"line":12,"column":20},"end":{"line":12,"column":21}},"loc":{"start":{"line":12,"column":26},"end":{"line":23,"column":1}},"line":12},"1":{"name":"(anonymous_1)","decl":{"start":{"line":14,"column":38},"end":{"line":14,"column":39}},"loc":{"start":{"line":14,"column":47},"end":{"line":20,"column":5}},"line":14},"2":{"name":"(anonymous_2)","decl":{"start":{"line":29,"column":21},"end":{"line":29,"column":22}},"loc":{"start":{"line":29,"column":27},"end":{"line":52,"column":2}},"line":29},"3":{"name":"(anonymous_3)","decl":{"start":{"line":29,"column":39},"end":{"line":29,"column":40}},"loc":{"start":{"line":29,"column":60},"end":{"line":52,"column":1}},"line":29},"4":{"name":"(anonymous_4)","decl":{"start":{"line":43,"column":33},"end":{"line":43,"column":34}},"loc":{"start":{"line":43,"column":42},"end":{"line":51,"column":3}},"line":43},"5":{"name":"(anonymous_5)","decl":{"start":{"line":58,"column":22},"end":{"line":58,"column":23}},"loc":{"start":{"line":58,"column":28},"end":{"line":72,"column":2}},"line":58},"6":{"name":"(anonymous_6)","decl":{"start":{"line":58,"column":40},"end":{"line":58,"column":41}},"loc":{"start":{"line":58,"column":61},"end":{"line":72,"column":1}},"line":58},"7":{"name":"(anonymous_7)","decl":{"start":{"line":60,"column":13},"end":{"line":60,"column":14}},"loc":{"start":{"line":60,"column":22},"end":{"line":68,"column":5}},"line":60}},"branchMap":{"0":{"loc":{"start":{"line":4,"column":15},"end":{"line":4,"column":90}},"type":"binary-expr","locations":[{"start":{"line":4,"column":15},"end":{"line":4,"column":34}},{"start":{"line":4,"column":38},"end":{"line":4,"column":90}}],"line":4},"1":{"loc":{"start":{"line":13,"column":2},"end":{"line":21,"column":3}},"type":"if","locations":[{"start":{"line":13,"column":2},"end":{"line":21,"column":3}},{"start":{},"end":{}}],"line":13},"2":{"loc":{"start":{"line":15,"column":6},"end":{"line":18,"column":7}},"type":"if","locations":[{"start":{"line":15,"column":6},"end":{"line":18,"column":7}},{"start":{},"end":{}}],"line":15},"3":{"loc":{"start":{"line":44,"column":4},"end":{"line":50,"column":5}},"type":"if","locations":[{"start":{"line":44,"column":4},"end":{"line":50,"column":5}},{"start":{"line":47,"column":11},"end":{"line":50,"column":5}}],"line":44},"4":{"loc":{"start":{"line":59,"column":2},"end":{"line":71,"column":3}},"type":"if","locations":[{"start":{"line":59,"column":2},"end":{"line":71,"column":3}},{"start":{"line":69,"column":9},"end":{"line":71,"column":3}}],"line":59},"5":{"loc":{"start":{"line":61,"column":6},"end":{"line":67,"column":7}},"type":"if","locations":[{"start":{"line":61,"column":6},"end":{"line":67,"column":7}},{"start":{"line":63,"column":13},"end":{"line":67,"column":7}}],"line":61}},"s":{"0":1,"1":1,"2":1,"3":1,"4":1,"5":16,"6":1,"7":1,"8":1,"9":1,"10":0,"11":16,"12":1,"13":1,"14":1,"15":1,"16":1,"17":0,"18":0,"19":0,"20":0,"21":0,"22":1,"23":1,"24":1,"25":1,"26":0,"27":0,"28":0,"29":0,"30":0,"31":0,"32":1},"f":{"0":16,"1":1,"2":1,"3":1,"4":0,"5":1,"6":1,"7":0},"b":{"0":[1,1],"1":[1,15],"2":[1,0],"3":[0,0],"4":[1,0],"5":[0,0]},"_coverageSchema":"1a1c01bbd47fc00a2c39e90264f33305004495a9","hash":"c34333d3322401c7f3885bc10800177162374062"}
,"/home/ubuntu/Programacion_III/src/controllers/authController.js": {"path":"/home/ubuntu/Programacion_III/src/controllers/authController.js","statementMap":{"0":{"start":{"line":1,"column":13},"end":{"line":1,"column":38}},"1":{"start":{"line":2,"column":26},"end":{"line":2,"column":54}},"2":{"start":{"line":8,"column":17},"end":{"line":42,"column":1}},"3":{"start":{"line":9,"column":2},"end":{"line":41,"column":3}},"4":{"start":{"line":10,"column":40},"end":{"line":10,"column":48}},"5":{"start":{"line":13,"column":25},"end":{"line":13,"column":54}},"6":{"start":{"line":14,"column":4},"end":{"line":19,"column":5}},"7":{"start":{"line":15,"column":6},"end":{"line":18,"column":9}},"8":{"start":{"line":22,"column":20},"end":{"line":27,"column":6}},"9":{"start":{"line":29,"column":4},"end":{"line":33,"column":7}},"10":{"start":{"line":35,"column":4},"end":{"line":35,"column":47}},"11":{"start":{"line":36,"column":4},"end":{"line":40,"column":7}},"12":{"start":{"line":48,"column":14},"end":{"line":99,"column":1}},"13":{"start":{"line":49,"column":2},"end":{"line":98,"column":3}},"14":{"start":{"line":50,"column":32},"end":{"line":50,"column":40}},"15":{"start":{"line":53,"column":17},"end":{"line":53,"column":46}},"16":{"start":{"line":55,"column":4},"end":{"line":60,"column":5}},"17":{"start":{"line":56,"column":6},"end":{"line":59,"column":9}},"18":{"start":{"line":63,"column":28},"end":{"line":63,"column":79}},"19":{"start":{"line":65,"column":4},"end":{"line":70,"column":5}},"20":{"start":{"line":66,"column":6},"end":{"line":69,"column":9}},"21":{"start":{"line":73,"column":18},"end":{"line":77,"column":6}},"22":{"start":{"line":80,"column":32},"end":{"line":80,"column":43}},"23":{"start":{"line":81,"column":4},"end":{"line":81,"column":40}},"24":{"start":{"line":83,"column":4},"end":{"line":90,"column":7}},"25":{"start":{"line":92,"column":4},"end":{"line":92,"column":44}},"26":{"start":{"line":93,"column":4},"end":{"line":97,"column":7}},"27":{"start":{"line":105,"column":18},"end":{"line":120,"column":1}},"28":{"start":{"line":106,"column":2},"end":{"line":119,"column":3}},"29":{"start":{"line":108,"column":4},"end":{"line":111,"column":7}},"30":{"start":{"line":113,"column":4},"end":{"line":113,"column":48}},"31":{"start":{"line":114,"column":4},"end":{"line":118,"column":7}},"32":{"start":{"line":122,"column":0},"end":{"line":126,"column":2}}},"fnMap":{"0":{"name":"(anonymous_0)","decl":{"start":{"line":8,"column":17},"end":{"line":8,"column":18}},"loc":{"start":{"line":8,"column":37},"end":{"line":42,"column":1}},"line":8},"1":{"name":"(anonymous_1)","decl":{"start":{"line":48,"column":14},"end":{"line":48,"column":15}},"loc":{"start":{"line":48,"column":34},"end":{"line":99,"column":1}},"line":48},"2":{"name":"(anonymous_2)","decl":{"start":{"line":105,"column":18},"end":{"line":105,"column":19}},"loc":{"start":{"line":105,"column":38},"end":{"line":120,"column":1}},"line":105}},"branchMap":{"0":{"loc":{"start":{"line":14,"column":4},"end":{"line":19,"column":5}},"type":"if","locations":[{"start":{"line":14,"column":4},"end":{"line":19,"column":5}},{"start":{},"end":{}}],"line":14},"1":{"loc":{"start":{"line":55,"column":4},"end":{"line":60,"column":5}},"type":"if","locations":[{"start":{"line":55,"column":4},"end":{"line":60,"column":5}},{"start":{},"end":{}}],"line":55},"2":{"loc":{"start":{"line":65,"column":4},"end":{"line":70,"column":5}},"type":"if","locations":[{"start":{"line":65,"column":4},"end":{"line":70,"column":5}},{"start":{},"end":{}}],"line":65}},"s":{"0":1,"1":1,"2":1,"3":1,"4":1,"5":1,"6":0,"7":0,"8":0,"9":0,"10":0,"11":0,"12":1,"13":0,"14":0,"15":0,"16":0,"17":0,"18":0,"19":0,"20":0,"21":0,"22":0,"23":0,"24":0,"25":0,"26":0,"27":1,"28":0,"29":0,"30":0,"31":0,"32":1},"f":{"0":1,"1":0,"2":0},"b":{"0":[0,0],"1":[0,0],"2":[0,0]},"_coverageSchema":"1a1c01bbd47fc00a2c39e90264f33305004495a9","hash":"e218abf7dadd0bbf695ade4e1494c19f42370565"}
,"/home/ubuntu/Programacion_III/src/middlewares/authMiddleware.js": {"path":"/home/ubuntu/Programacion_III/src/middlewares/authMiddleware.js","statementMap":{"0":{"start":{"line":1,"column":24},"end":{"line":1,"column":52}},"1":{"start":{"line":2,"column":13},"end":{"line":2,"column":38}},"2":{"start":{"line":8,"column":21},"end":{"line":45,"column":1}},"3":{"start":{"line":9,"column":2},"end":{"line":44,"column":3}},"4":{"start":{"line":11,"column":23},"end":{"line":11,"column":48}},"5":{"start":{"line":13,"column":4},"end":{"line":18,"column":5}},"6":{"start":{"line":14,"column":6},"end":{"line":17,"column":9}},"7":{"start":{"line":20,"column":18},"end":{"line":20,"column":42}},"8":{"start":{"line":23,"column":20},"end":{"line":23,"column":38}},"9":{"start":{"line":26,"column":17},"end":{"line":26,"column":48}},"10":{"start":{"line":28,"column":4},"end":{"line":33,"column":5}},"11":{"start":{"line":29,"column":6},"end":{"line":32,"column":9}},"12":{"start":{"line":36,"column":4},"end":{"line":36,"column":20}},"13":{"start":{"line":38,"column":4},"end":{"line":38,"column":18}},"14":{"start":{"line":40,"column":4},"end":{"line":43,"column":7}},"15":{"start":{"line":51,"column":18},"end":{"line":67,"column":1}},"16":{"start":{"line":51,"column":32},"end":{"line":67,"column":1}},"17":{"start":{"line":52,"column":2},"end":{"line":57,"column":3}},"18":{"start":{"line":53,"column":4},"end":{"line":56,"column":7}},"19":{"start":{"line":59,"column":2},"end":{"line":64,"column":3}},"20":{"start":{"line":60,"column":4},"end":{"line":63,"column":7}},"21":{"start":{"line":66,"column":2},"end":{"line":66,"column":16}},"22":{"start":{"line":69,"column":0},"end":{"line":72,"column":2}}},"fnMap":{"0":{"name":"(anonymous_0)","decl":{"start":{"line":8,"column":21},"end":{"line":8,"column":22}},"loc":{"start":{"line":8,"column":47},"end":{"line":45,"column":1}},"line":8},"1":{"name":"(anonymous_1)","decl":{"start":{"line":51,"column":18},"end":{"line":51,"column":19}},"loc":{"start":{"line":51,"column":32},"end":{"line":67,"column":1}},"line":51},"2":{"name":"(anonymous_2)","decl":{"start":{"line":51,"column":32},"end":{"line":51,"column":33}},"loc":{"start":{"line":51,"column":52},"end":{"line":67,"column":1}},"line":51}},"branchMap":{"0":{"loc":{"start":{"line":13,"column":4},"end":{"line":18,"column":5}},"type":"if","locations":[{"start":{"line":13,"column":4},"end":{"line":18,"column":5}},{"start":{},"end":{}}],"line":13},"1":{"loc":{"start":{"line":13,"column":8},"end":{"line":13,"column":56}},"type":"binary-expr","locations":[{"start":{"line":13,"column":8},"end":{"line":13,"column":19}},{"start":{"line":13,"column":23},"end":{"line":13,"column":56}}],"line":13},"2":{"loc":{"start":{"line":28,"column":4},"end":{"line":33,"column":5}},"type":"if","locations":[{"start":{"line":28,"column":4},"end":{"line":33,"column":5}},{"start":{},"end":{}}],"line":28},"3":{"loc":{"start":{"line":42,"column":15},"end":{"line":42,"column":59}},"type":"binary-expr","locations":[{"start":{"line":42,"column":15},"end":{"line":42,"column":28}},{"start":{"line":42,"column":32},"end":{"line":42,"column":59}}],"line":42},"4":{"loc":{"start":{"line":52,"column":2},"end":{"line":57,"column":3}},"type":"if","locations":[{"start":{"line":52,"column":2},"end":{"line":57,"column":3}},{"start":{},"end":{}}],"line":52},"5":{"loc":{"start":{"line":59,"column":2},"end":{"line":64,"column":3}},"type":"if","locations":[{"start":{"line":59,"column":2},"end":{"line":64,"column":3}},{"start":{},"end":{}}],"line":59}},"s":{"0":1,"1":1,"2":1,"3":0,"4":0,"5":0,"6":0,"7":0,"8":0,"9":0,"10":0,"11":0,"12":0,"13":0,"14":0,"15":1,"16":0,"17":0,"18":0,"19":0,"20":0,"21":0,"22":1},"f":{"0":0,"1":0,"2":0},"b":{"0":[0,0],"1":[0,0],"2":[0,0],"3":[0,0],"4":[0,0],"5":[0,0]},"_coverageSchema":"1a1c01bbd47fc00a2c39e90264f33305004495a9","hash":"67b382c44e580bd0efbf58450137dc25b930d106"}
,"/home/ubuntu/Programacion_III/src/middlewares/validationMiddleware.js": {"path":"/home/ubuntu/Programacion_III/src/middlewares/validationMiddleware.js","statementMap":{"0":{"start":{"line":1,"column":35},"end":{"line":1,"column":63}},"1":{"start":{"line":6,"column":31},"end":{"line":21,"column":1}},"2":{"start":{"line":7,"column":17},"end":{"line":7,"column":38}},"3":{"start":{"line":9,"column":2},"end":{"line":18,"column":3}},"4":{"start":{"line":10,"column":4},"end":{"line":17,"column":7}},"5":{"start":{"line":13,"column":43},"end":{"line":16,"column":7}},"6":{"start":{"line":20,"column":2},"end":{"line":20,"column":16}},"7":{"start":{"line":26,"column":25},"end":{"line":56,"column":1}},"8":{"start":{"line":61,"column":22},"end":{"line":75,"column":1}},"9":{"start":{"line":77,"column":0},"end":{"line":81,"column":2}}},"fnMap":{"0":{"name":"(anonymous_0)","decl":{"start":{"line":6,"column":31},"end":{"line":6,"column":32}},"loc":{"start":{"line":6,"column":51},"end":{"line":21,"column":1}},"line":6},"1":{"name":"(anonymous_1)","decl":{"start":{"line":13,"column":33},"end":{"line":13,"column":34}},"loc":{"start":{"line":13,"column":43},"end":{"line":16,"column":7}},"line":13}},"branchMap":{"0":{"loc":{"start":{"line":9,"column":2},"end":{"line":18,"column":3}},"type":"if","locations":[{"start":{"line":9,"column":2},"end":{"line":18,"column":3}},{"start":{},"end":{}}],"line":9}},"s":{"0":1,"1":1,"2":1,"3":1,"4":0,"5":0,"6":1,"7":1,"8":1,"9":1},"f":{"0":1,"1":0},"b":{"0":[0,1]},"_coverageSchema":"1a1c01bbd47fc00a2c39e90264f33305004495a9","hash":"f9c70ff15ba053dc30a6262d65c230e0b31a44c1"}
,"/home/ubuntu/Programacion_III/src/models/User.js": {"path":"/home/ubuntu/Programacion_III/src/models/User.js","statementMap":{"0":{"start":{"line":1,"column":15},"end":{"line":1,"column":32}},"1":{"start":{"line":2,"column":24},"end":{"line":2,"column":53}},"2":{"start":{"line":4,"column":20},"end":{"line":4,"column":22}},"3":{"start":{"line":20,"column":27},"end":{"line":20,"column":67}},"4":{"start":{"line":22,"column":4},"end":{"line":42,"column":7}},"5":{"start":{"line":23,"column":17},"end":{"line":23,"column":30}},"6":{"start":{"line":24,"column":18},"end":{"line":24,"column":88}},"7":{"start":{"line":26,"column":6},"end":{"line":41,"column":9}},"8":{"start":{"line":27,"column":8},"end":{"line":40,"column":9}},"9":{"start":{"line":28,"column":10},"end":{"line":32,"column":11}},"10":{"start":{"line":29,"column":12},"end":{"line":29,"column":61}},"11":{"start":{"line":31,"column":12},"end":{"line":31,"column":24}},"12":{"start":{"line":34,"column":10},"end":{"line":39,"column":13}},"13":{"start":{"line":51,"column":4},"end":{"line":62,"column":7}},"14":{"start":{"line":52,"column":17},"end":{"line":52,"column":30}},"15":{"start":{"line":53,"column":18},"end":{"line":53,"column":55}},"16":{"start":{"line":55,"column":6},"end":{"line":61,"column":9}},"17":{"start":{"line":56,"column":8},"end":{"line":60,"column":9}},"18":{"start":{"line":57,"column":10},"end":{"line":57,"column":22}},"19":{"start":{"line":59,"column":10},"end":{"line":59,"column":31}},"20":{"start":{"line":71,"column":4},"end":{"line":82,"column":7}},"21":{"start":{"line":72,"column":17},"end":{"line":72,"column":30}},"22":{"start":{"line":73,"column":18},"end":{"line":73,"column":85}},"23":{"start":{"line":75,"column":6},"end":{"line":81,"column":9}},"24":{"start":{"line":76,"column":8},"end":{"line":80,"column":9}},"25":{"start":{"line":77,"column":10},"end":{"line":77,"column":22}},"26":{"start":{"line":79,"column":10},"end":{"line":79,"column":31}},"27":{"start":{"line":92,"column":4},"end":{"line":92,"column":57}},"28":{"start":{"line":100,"column":4},"end":{"line":111,"column":7}},"29":{"start":{"line":101,"column":17},"end":{"line":101,"column":30}},"30":{"start":{"line":102,"column":18},"end":{"line":102,"column":72}},"31":{"start":{"line":104,"column":6},"end":{"line":110,"column":9}},"32":{"start":{"line":105,"column":8},"end":{"line":109,"column":9}},"33":{"start":{"line":106,"column":10},"end":{"line":106,"column":22}},"34":{"start":{"line":108,"column":10},"end":{"line":108,"column":24}},"35":{"start":{"line":115,"column":0},"end":{"line":115,"column":22}}},"fnMap":{"0":{"name":"(anonymous_0)","decl":{"start":{"line":16,"column":2},"end":{"line":16,"column":3}},"loc":{"start":{"line":18,"column":5},"end":{"line":43,"column":3}},"line":18},"1":{"name":"(anonymous_1)","decl":{"start":{"line":22,"column":23},"end":{"line":22,"column":24}},"loc":{"start":{"line":22,"column":44},"end":{"line":42,"column":5}},"line":22},"2":{"name":"(anonymous_2)","decl":{"start":{"line":26,"column":56},"end":{"line":26,"column":57}},"loc":{"start":{"line":26,"column":71},"end":{"line":41,"column":7}},"line":26},"3":{"name":"(anonymous_3)","decl":{"start":{"line":50,"column":2},"end":{"line":50,"column":3}},"loc":{"start":{"line":50,"column":34},"end":{"line":63,"column":3}},"line":50},"4":{"name":"(anonymous_4)","decl":{"start":{"line":51,"column":23},"end":{"line":51,"column":24}},"loc":{"start":{"line":51,"column":44},"end":{"line":62,"column":5}},"line":51},"5":{"name":"(anonymous_5)","decl":{"start":{"line":55,"column":27},"end":{"line":55,"column":28}},"loc":{"start":{"line":55,"column":41},"end":{"line":61,"column":7}},"line":55},"6":{"name":"(anonymous_6)","decl":{"start":{"line":70,"column":2},"end":{"line":70,"column":3}},"loc":{"start":{"line":70,"column":28},"end":{"line":83,"column":3}},"line":70},"7":{"name":"(anonymous_7)","decl":{"start":{"line":71,"column":23},"end":{"line":71,"column":24}},"loc":{"start":{"line":71,"column":44},"end":{"line":82,"column":5}},"line":71},"8":{"name":"(anonymous_8)","decl":{"start":{"line":75,"column":24},"end":{"line":75,"column":25}},"loc":{"start":{"line":75,"column":38},"end":{"line":81,"column":7}},"line":75},"9":{"name":"(anonymous_9)","decl":{"start":{"line":91,"column":2},"end":{"line":91,"column":3}},"loc":{"start":{"line":91,"column":62},"end":{"line":93,"column":3}},"line":91},"10":{"name":"(anonymous_10)","decl":{"start":{"line":99,"column":2},"end":{"line":99,"column":3}},"loc":{"start":{"line":99,"column":25},"end":{"line":112,"column":3}},"line":99},"11":{"name":"(anonymous_11)","decl":{"start":{"line":100,"column":23},"end":{"line":100,"column":24}},"loc":{"start":{"line":100,"column":44},"end":{"line":111,"column":5}},"line":100},"12":{"name":"(anonymous_12)","decl":{"start":{"line":104,"column":22},"end":{"line":104,"column":23}},"loc":{"start":{"line":104,"column":37},"end":{"line":110,"column":7}},"line":104}},"branchMap":{"0":{"loc":{"start":{"line":17,"column":29},"end":{"line":17,"column":43}},"type":"default-arg","locations":[{"start":{"line":17,"column":35},"end":{"line":17,"column":43}}],"line":17},"1":{"loc":{"start":{"line":27,"column":8},"end":{"line":40,"column":9}},"type":"if","locations":[{"start":{"line":27,"column":8},"end":{"line":40,"column":9}},{"start":{"line":33,"column":15},"end":{"line":40,"column":9}}],"line":27},"2":{"loc":{"start":{"line":28,"column":10},"end":{"line":32,"column":11}},"type":"if","locations":[{"start":{"line":28,"column":10},"end":{"line":32,"column":11}},{"start":{"line":30,"column":17},"end":{"line":32,"column":11}}],"line":28},"3":{"loc":{"start":{"line":56,"column":8},"end":{"line":60,"column":9}},"type":"if","locations":[{"start":{"line":56,"column":8},"end":{"line":60,"column":9}},{"start":{"line":58,"column":15},"end":{"line":60,"column":9}}],"line":56},"4":{"loc":{"start":{"line":59,"column":18},"end":{"line":59,"column":29}},"type":"binary-expr","locations":[{"start":{"line":59,"column":18},"end":{"line":59,"column":21}},{"start":{"line":59,"column":25},"end":{"line":59,"column":29}}],"line":59},"5":{"loc":{"start":{"line":76,"column":8},"end":{"line":80,"column":9}},"type":"if","locations":[{"start":{"line":76,"column":8},"end":{"line":80,"column":9}},{"start":{"line":78,"column":15},"end":{"line":80,"column":9}}],"line":76},"6":{"loc":{"start":{"line":79,"column":18},"end":{"line":79,"column":29}},"type":"binary-expr","locations":[{"start":{"line":79,"column":18},"end":{"line":79,"column":21}},{"start":{"line":79,"column":25},"end":{"line":79,"column":29}}],"line":79},"7":{"loc":{"start":{"line":105,"column":8},"end":{"line":109,"column":9}},"type":"if","locations":[{"start":{"line":105,"column":8},"end":{"line":109,"column":9}},{"start":{"line":107,"column":15},"end":{"line":109,"column":9}}],"line":105}},"s":{"0":1,"1":1,"2":1,"3":0,"4":0,"5":0,"6":0,"7":0,"8":0,"9":0,"10":0,"11":0,"12":0,"13":1,"14":1,"15":1,"16":1,"17":0,"18":0,"19":0,"20":0,"21":0,"22":0,"23":0,"24":0,"25":0,"26":0,"27":0,"28":0,"29":0,"30":0,"31":0,"32":0,"33":0,"34":0,"35":1},"f":{"0":0,"1":0,"2":0,"3":1,"4":1,"5":0,"6":0,"7":0,"8":0,"9":0,"10":0,"11":0,"12":0},"b":{"0":[0],"1":[0,0],"2":[0,0],"3":[0,0],"4":[0,0],"5":[0,0],"6":[0,0],"7":[0,0]},"_coverageSchema":"1a1c01bbd47fc00a2c39e90264f33305004495a9","hash":"1f74d8401000dbb53a674c322f76ce002c57b26a"}
,"/home/ubuntu/Programacion_III/src/routes/authRoutes.js": {"path":"/home/ubuntu/Programacion_III/src/routes/authRoutes.js","statementMap":{"0":{"start":{"line":1,"column":16},"end":{"line":1,"column":34}},"1":{"start":{"line":2,"column":39},"end":{"line":2,"column":79}},"2":{"start":{"line":3,"column":44},"end":{"line":3,"column":90}},"3":{"start":{"line":4,"column":25},"end":{"line":4,"column":65}},"4":{"start":{"line":6,"column":15},"end":{"line":6,"column":31}},"5":{"start":{"line":13,"column":0},"end":{"line":13,"column":53}},"6":{"start":{"line":20,"column":0},"end":{"line":20,"column":44}},"7":{"start":{"line":27,"column":0},"end":{"line":27,"column":47}},"8":{"start":{"line":29,"column":0},"end":{"line":29,"column":24}}},"fnMap":{},"branchMap":{},"s":{"0":1,"1":1,"2":1,"3":1,"4":1,"5":1,"6":1,"7":1,"8":1},"f":{},"b":{},"_coverageSchema":"1a1c01bbd47fc00a2c39e90264f33305004495a9","hash":"8bebdf0c8283ce345e51f9e6f641c0ce87f5fe36"}
,"/home/ubuntu/Programacion_III/src/utils/jwtUtils.js": {"path":"/home/ubuntu/Programacion_III/src/utils/jwtUtils.js","statementMap":{"0":{"start":{"line":1,"column":12},"end":{"line":1,"column":35}},"1":{"start":{"line":3,"column":19},"end":{"line":3,"column":65}},"2":{"start":{"line":4,"column":23},"end":{"line":4,"column":58}},"3":{"start":{"line":14,"column":22},"end":{"line":16,"column":2}},"4":{"start":{"line":14,"column":35},"end":{"line":16,"column":2}},"5":{"start":{"line":24,"column":20},"end":{"line":36,"column":1}},"6":{"start":{"line":25,"column":2},"end":{"line":35,"column":3}},"7":{"start":{"line":26,"column":4},"end":{"line":26,"column":41}},"8":{"start":{"line":28,"column":4},"end":{"line":30,"column":5}},"9":{"start":{"line":29,"column":6},"end":{"line":29,"column":40}},"10":{"start":{"line":31,"column":4},"end":{"line":33,"column":5}},"11":{"start":{"line":32,"column":6},"end":{"line":32,"column":40}},"12":{"start":{"line":34,"column":4},"end":{"line":34,"column":16}},"13":{"start":{"line":38,"column":0},"end":{"line":41,"column":2}}},"fnMap":{"0":{"name":"(anonymous_0)","decl":{"start":{"line":14,"column":22},"end":{"line":14,"column":23}},"loc":{"start":{"line":14,"column":35},"end":{"line":16,"column":2}},"line":14},"1":{"name":"(anonymous_1)","decl":{"start":{"line":24,"column":20},"end":{"line":24,"column":21}},"loc":{"start":{"line":24,"column":31},"end":{"line":36,"column":1}},"line":24}},"branchMap":{"0":{"loc":{"start":{"line":3,"column":19},"end":{"line":3,"column":65}},"type":"binary-expr","locations":[{"start":{"line":3,"column":19},"end":{"line":3,"column":41}},{"start":{"line":3,"column":45},"end":{"line":3,"column":65}}],"line":3},"1":{"loc":{"start":{"line":4,"column":23},"end":{"line":4,"column":58}},"type":"binary-expr","locations":[{"start":{"line":4,"column":23},"end":{"line":4,"column":49}},{"start":{"line":4,"column":53},"end":{"line":4,"column":58}}],"line":4},"2":{"loc":{"start":{"line":28,"column":4},"end":{"line":30,"column":5}},"type":"if","locations":[{"start":{"line":28,"column":4},"end":{"line":30,"column":5}},{"start":{},"end":{}}],"line":28},"3":{"loc":{"start":{"line":31,"column":4},"end":{"line":33,"column":5}},"type":"if","locations":[{"start":{"line":31,"column":4},"end":{"line":33,"column":5}},{"start":{},"end":{}}],"line":31}},"s":{"0":1,"1":1,"2":1,"3":1,"4":0,"5":1,"6":0,"7":0,"8":0,"9":0,"10":0,"11":0,"12":0,"13":1},"f":{"0":0,"1":0},"b":{"0":[1,1],"1":[1,1],"2":[0,0],"3":[0,0]},"_coverageSchema":"1a1c01bbd47fc00a2c39e90264f33305004495a9","hash":"f2e2433b27df12c6fa474c8129f39fd291d82e69"}
}
