TN:
SF:src/app.js
FN:17,(anonymous_0)
FN:33,(anonymous_1)
FN:41,(anonymous_2)
FNF:3
FNH:0
FNDA:0,(anonymous_0)
FNDA:0,(anonymous_1)
FNDA:0,(anonymous_2)
DA:1,1
DA:2,1
DA:4,1
DA:7,1
DA:8,1
DA:9,1
DA:12,1
DA:14,1
DA:17,1
DA:18,0
DA:33,1
DA:34,0
DA:41,1
DA:42,0
DA:43,0
DA:49,1
LF:16
LH:12
BRDA:43,0,0,0
BRDA:43,0,1,0
BRDA:45,1,0,0
BRDA:45,1,1,0
BRF:4
BRH:0
end_of_record
TN:
SF:src/config/database.js
FN:12,(anonymous_0)
FN:14,(anonymous_1)
FN:29,(anonymous_2)
FN:29,(anonymous_3)
FN:43,(anonymous_4)
FN:58,(anonymous_5)
FN:58,(anonymous_6)
FN:60,(anonymous_7)
FNF:8
FNH:6
FNDA:16,(anonymous_0)
FNDA:1,(anonymous_1)
FNDA:1,(anonymous_2)
FNDA:1,(anonymous_3)
FNDA:0,(anonymous_4)
FNDA:1,(anonymous_5)
FNDA:1,(anonymous_6)
FNDA:0,(anonymous_7)
DA:1,1
DA:2,1
DA:4,1
DA:6,1
DA:12,1
DA:13,16
DA:14,1
DA:15,1
DA:16,1
DA:17,1
DA:19,0
DA:22,16
DA:29,1
DA:30,1
DA:32,1
DA:43,1
DA:44,0
DA:45,0
DA:46,0
DA:48,0
DA:49,0
DA:58,1
DA:59,1
DA:60,1
DA:61,0
DA:62,0
DA:64,0
DA:65,0
DA:66,0
DA:70,0
DA:74,1
LF:31
LH:19
BRDA:4,0,0,1
BRDA:4,0,1,1
BRDA:13,1,0,1
BRDA:13,1,1,15
BRDA:15,2,0,1
BRDA:15,2,1,0
BRDA:44,3,0,0
BRDA:44,3,1,0
BRDA:59,4,0,1
BRDA:59,4,1,0
BRDA:61,5,0,0
BRDA:61,5,1,0
BRF:12
BRH:6
end_of_record
TN:
SF:src/controllers/authController.js
FN:8,(anonymous_0)
FN:48,(anonymous_1)
FN:105,(anonymous_2)
FNF:3
FNH:1
FNDA:1,(anonymous_0)
FNDA:0,(anonymous_1)
FNDA:0,(anonymous_2)
DA:1,1
DA:2,1
DA:8,1
DA:9,1
DA:10,1
DA:13,1
DA:14,0
DA:15,0
DA:22,0
DA:29,0
DA:35,0
DA:36,0
DA:48,1
DA:49,0
DA:50,0
DA:53,0
DA:55,0
DA:56,0
DA:63,0
DA:65,0
DA:66,0
DA:73,0
DA:80,0
DA:81,0
DA:83,0
DA:92,0
DA:93,0
DA:105,1
DA:106,0
DA:108,0
DA:113,0
DA:114,0
DA:122,1
LF:33
LH:9
BRDA:14,0,0,0
BRDA:14,0,1,0
BRDA:55,1,0,0
BRDA:55,1,1,0
BRDA:65,2,0,0
BRDA:65,2,1,0
BRF:6
BRH:0
end_of_record
TN:
SF:src/middlewares/authMiddleware.js
FN:8,(anonymous_0)
FN:51,(anonymous_1)
FN:51,(anonymous_2)
FNF:3
FNH:0
FNDA:0,(anonymous_0)
FNDA:0,(anonymous_1)
FNDA:0,(anonymous_2)
DA:1,1
DA:2,1
DA:8,1
DA:9,0
DA:11,0
DA:13,0
DA:14,0
DA:20,0
DA:23,0
DA:26,0
DA:28,0
DA:29,0
DA:36,0
DA:38,0
DA:40,0
DA:51,1
DA:52,0
DA:53,0
DA:59,0
DA:60,0
DA:66,0
DA:69,1
LF:22
LH:5
BRDA:13,0,0,0
BRDA:13,0,1,0
BRDA:13,1,0,0
BRDA:13,1,1,0
BRDA:28,2,0,0
BRDA:28,2,1,0
BRDA:42,3,0,0
BRDA:42,3,1,0
BRDA:52,4,0,0
BRDA:52,4,1,0
BRDA:59,5,0,0
BRDA:59,5,1,0
BRF:12
BRH:0
end_of_record
TN:
SF:src/middlewares/validationMiddleware.js
FN:6,(anonymous_0)
FN:13,(anonymous_1)
FNF:2
FNH:1
FNDA:1,(anonymous_0)
FNDA:0,(anonymous_1)
DA:1,1
DA:6,1
DA:7,1
DA:9,1
DA:10,0
DA:13,0
DA:20,1
DA:26,1
DA:61,1
DA:77,1
LF:10
LH:8
BRDA:9,0,0,0
BRDA:9,0,1,1
BRF:2
BRH:1
end_of_record
TN:
SF:src/models/User.js
FN:16,(anonymous_0)
FN:22,(anonymous_1)
FN:26,(anonymous_2)
FN:50,(anonymous_3)
FN:51,(anonymous_4)
FN:55,(anonymous_5)
FN:70,(anonymous_6)
FN:71,(anonymous_7)
FN:75,(anonymous_8)
FN:91,(anonymous_9)
FN:99,(anonymous_10)
FN:100,(anonymous_11)
FN:104,(anonymous_12)
FNF:13
FNH:2
FNDA:0,(anonymous_0)
FNDA:0,(anonymous_1)
FNDA:0,(anonymous_2)
FNDA:1,(anonymous_3)
FNDA:1,(anonymous_4)
FNDA:0,(anonymous_5)
FNDA:0,(anonymous_6)
FNDA:0,(anonymous_7)
FNDA:0,(anonymous_8)
FNDA:0,(anonymous_9)
FNDA:0,(anonymous_10)
FNDA:0,(anonymous_11)
FNDA:0,(anonymous_12)
DA:1,1
DA:2,1
DA:4,1
DA:20,0
DA:22,0
DA:23,0
DA:24,0
DA:26,0
DA:27,0
DA:28,0
DA:29,0
DA:31,0
DA:34,0
DA:51,1
DA:52,1
DA:53,1
DA:55,1
DA:56,0
DA:57,0
DA:59,0
DA:71,0
DA:72,0
DA:73,0
DA:75,0
DA:76,0
DA:77,0
DA:79,0
DA:92,0
DA:100,0
DA:101,0
DA:102,0
DA:104,0
DA:105,0
DA:106,0
DA:108,0
DA:115,1
LF:36
LH:8
BRDA:17,0,0,0
BRDA:27,1,0,0
BRDA:27,1,1,0
BRDA:28,2,0,0
BRDA:28,2,1,0
BRDA:56,3,0,0
BRDA:56,3,1,0
BRDA:59,4,0,0
BRDA:59,4,1,0
BRDA:76,5,0,0
BRDA:76,5,1,0
BRDA:79,6,0,0
BRDA:79,6,1,0
BRDA:105,7,0,0
BRDA:105,7,1,0
BRF:15
BRH:0
end_of_record
TN:
SF:src/routes/authRoutes.js
FNF:0
FNH:0
DA:1,1
DA:2,1
DA:3,1
DA:4,1
DA:6,1
DA:13,1
DA:20,1
DA:27,1
DA:29,1
LF:9
LH:9
BRF:0
BRH:0
end_of_record
TN:
SF:src/utils/jwtUtils.js
FN:14,(anonymous_0)
FN:24,(anonymous_1)
FNF:2
FNH:0
FNDA:0,(anonymous_0)
FNDA:0,(anonymous_1)
DA:1,1
DA:3,1
DA:4,1
DA:14,1
DA:24,1
DA:25,0
DA:26,0
DA:28,0
DA:29,0
DA:31,0
DA:32,0
DA:34,0
DA:38,1
LF:13
LH:6
BRDA:3,0,0,1
BRDA:3,0,1,1
BRDA:4,1,0,1
BRDA:4,1,1,1
BRDA:28,2,0,0
BRDA:28,2,1,0
BRDA:31,3,0,0
BRDA:31,3,1,0
BRF:8
BRH:4
end_of_record
